<?xml version="1.0" encoding="UTF-8"?>
<!-- Generated by org.testng.reporters.JUnitXMLReporter -->
<testsuite ignored="9" hostname="DESKTOP-0BMU726" failures="0" tests="1" name="Default test(failed)" time="10.859" errors="0" timestamp="2023-12-17T17:08:52 IST">
  <testcase classname="test_cases.cart_Page_3_Test" name="verifyquantityLable" time="0.12"/>
  <testcase classname="test_cases.cart_Page_3_Test" name="verifydescriptionLable" time="0.0">
    <ignored/>
  </testcase> <!-- verifydescriptionLable -->
  <testcase classname="test_cases.cart_Page_3_Test" name="verifytwitterLogo" time="0.0">
    <ignored/>
  </testcase> <!-- verifytwitterLogo -->
  <testcase classname="test_cases.cart_Page_3_Test" name="verifylinkedinLogo" time="0.0">
    <ignored/>
  </testcase> <!-- verifylinkedinLogo -->
  <testcase classname="test_cases.cart_Page_3_Test" name="verifyfacebookLogo" time="0.0">
    <ignored/>
  </testcase> <!-- verifyfacebookLogo -->
  <testcase classname="test_cases.cart_Page_3_Test" name="verifycontinueShoppingBTN" time="0.0">
    <ignored/>
  </testcase> <!-- verifycontinueShoppingBTN -->
  <testcase classname="test_cases.cart_Page_3_Test" name="verifyappLogo" time="0.0">
    <ignored/>
  </testcase> <!-- verifyappLogo -->
  <testcase classname="test_cases.cart_Page_3_Test" name="verifyaddTOCart" time="0.0">
    <ignored/>
  </testcase> <!-- verifyaddTOCart -->
  <testcase classname="test_cases.cart_Page_3_Test" name="verifycheckOutBtn" time="0.0">
    <ignored/>
  </testcase> <!-- verifycheckOutBtn -->
  <testcase classname="test_cases.cart_Page_3_Test" name="verifymenuButton" time="0.0">
    <ignored/>
  </testcase> <!-- verifymenuButton -->
</testsuite> <!-- Default test(failed) -->
