<?xml version="1.0" encoding="UTF-8"?>
<!-- Generated by org.testng.reporters.JUnitXMLReporter -->
<testsuite ignored="0" hostname="DESKTOP-0BMU726" failures="0" tests="3" name="Default test" time="73.117" errors="0" timestamp="2023-12-22T17:40:41 IST">
  <testcase classname="test_cases.Login_Page_Test" name="verifyURLOfApplicationTest" time="3.02"/>
  <testcase classname="test_cases.Login_Page_Test" name="verifyTitleOfApplicationTest" time="0.053"/>
  <testcase classname="test_cases.Login_Page_Test" name="lognToApplicationTest" time="0.622"/>
</testsuite> <!-- Default test -->
