<?xml version="1.0" encoding="UTF-8"?>
<!-- Generated by org.testng.reporters.JUnitXMLReporter -->
<testsuite ignored="6" hostname="DESKTOP-0BMU726" failures="0" tests="11" name="Group_Login_Invt_Test" time="153.116" errors="0" timestamp="2023-12-21T21:36:17 IST">
  <testcase classname="test_cases.Login_Page_Test" name="verifyURLOfApplicationTest" time="2.761"/>
  <testcase classname="test_cases.Login_Page_Test" name="verifyTitleOfApplicationTest" time="0.095"/>
  <testcase classname="test_cases.Inventory_Page_2_Test" name="verifyappLogoTest" time="0.088"/>
  <testcase classname="test_cases.Inventory_Page_2_Test" name="productLableTest" time="0.268"/>
  <testcase classname="test_cases.Inventory_Page_2_Test" name="verifytwitterLogoTest" time="0.109"/>
  <testcase classname="test_cases.Inventory_Page_2_Test" name="verifyfacebookLogoTest" time="0.048"/>
  <testcase classname="test_cases.Inventory_Page_2_Test" name="verifylinkedinLogo" time="0.262"/>
  <testcase classname="test_cases.Inventory_Page_2_Test" name="verifymenuButtonTest" time="0.041"/>
  <testcase classname="test_cases.Inventory_Page_2_Test" name="verifyquantityLableTest" time="0.277"/>
  <testcase classname="test_cases.Inventory_Page_2_Test" name="verifydescriptionLableTest" time="0.137"/>
  <testcase classname="test_cases.Inventory_Page_2_Test" name="verifywebPageFooterTest" time="0.123"/>
  <testcase classname="test_cases.Inventory_Page_2_Test" name="verifyAddTOCartTest" time="0.0">
    <ignored/>
  </testcase> <!-- verifyAddTOCartTest -->
  <testcase classname="test_cases.Inventory_Page_2_Test" name="remove2ProductsTest" time="0.0">
    <ignored/>
  </testcase> <!-- remove2ProductsTest -->
  <testcase classname="test_cases.Login_Page_Test" name="lognToApplicationTest" time="0.0">
    <ignored/>
  </testcase> <!-- lognToApplicationTest -->
  <testcase classname="test_cases.Inventory_Page_2_Test" name="verifycheckOutBtnTest" time="0.0">
    <ignored/>
  </testcase> <!-- verifycheckOutBtnTest -->
  <testcase classname="test_cases.Inventory_Page_2_Test" name="add6ProductTest" time="0.0">
    <ignored/>
  </testcase> <!-- add6ProductTest -->
  <testcase classname="test_cases.Inventory_Page_2_Test" name="verifycontinueShoppingBTNTest" time="0.0">
    <ignored/>
  </testcase> <!-- verifycontinueShoppingBTNTest -->
</testsuite> <!-- Group_Login_Invt_Test -->
