<?xml version="1.0" encoding="UTF-8"?>
<!-- Generated by org.testng.reporters.JUnitXMLReporter -->
<testsuite ignored="0" hostname="DESKTOP-0BMU726" failures="0" tests="27" name="Test" time="177.974" errors="0" timestamp="2023-12-17T17:22:34 IST">
  <testcase classname="test_cases.cart_Page_3_Test" name="verifyaddTOCart" time="0.093"/>
  <testcase classname="test_cases.cart_Page_3_Test" name="verifyappLogo" time="0.185"/>
  <testcase classname="test_cases.cart_Page_3_Test" name="verifycheckOutBtn" time="0.215"/>
  <testcase classname="test_cases.cart_Page_3_Test" name="verifycontinueShoppingBTN" time="0.214"/>
  <testcase classname="test_cases.cart_Page_3_Test" name="verifydescriptionLable" time="0.152"/>
  <testcase classname="test_cases.cart_Page_3_Test" name="verifyfacebookLogo" time="0.342"/>
  <testcase classname="test_cases.cart_Page_3_Test" name="verifylinkedinLogo" time="0.118"/>
  <testcase classname="test_cases.cart_Page_3_Test" name="verifymenuButton" time="0.22"/>
  <testcase classname="test_cases.cart_Page_3_Test" name="verifyquantityLable" time="0.093"/>
  <testcase classname="test_cases.cart_Page_3_Test" name="verifytwitterLogo" time="0.099"/>
  <testcase classname="test_cases.Login_Page_Test" name="lognToApplicationTest" time="1.606"/>
  <testcase classname="test_cases.Login_Page_Test" name="verifyTitleOfApplicationTest" time="0.09"/>
  <testcase classname="test_cases.Login_Page_Test" name="verifyURLOfApplicationTest" time="0.052"/>
  <testcase classname="test_cases.Inventory_Page_2_Test" name="add6ProductTest" time="0.817"/>
  <testcase classname="test_cases.Inventory_Page_2_Test" name="productLableTest" time="0.144"/>
  <testcase classname="test_cases.Inventory_Page_2_Test" name="remove2ProductsTest" time="2.603"/>
  <testcase classname="test_cases.Inventory_Page_2_Test" name="verifyAddTOCartTest" time="0.118"/>
  <testcase classname="test_cases.Inventory_Page_2_Test" name="verifyappLogoTest" time="0.047"/>
  <testcase classname="test_cases.Inventory_Page_2_Test" name="verifycheckOutBtnTest" time="0.152"/>
  <testcase classname="test_cases.Inventory_Page_2_Test" name="verifycontinueShoppingBTNTest" time="0.172"/>
  <testcase classname="test_cases.Inventory_Page_2_Test" name="verifydescriptionLableTest" time="0.168"/>
  <testcase classname="test_cases.Inventory_Page_2_Test" name="verifyfacebookLogoTest" time="0.045"/>
  <testcase classname="test_cases.Inventory_Page_2_Test" name="verifylinkedinLogo" time="0.056"/>
  <testcase classname="test_cases.Inventory_Page_2_Test" name="verifymenuButtonTest" time="0.085"/>
  <testcase classname="test_cases.Inventory_Page_2_Test" name="verifyquantityLableTest" time="0.19"/>
  <testcase classname="test_cases.Inventory_Page_2_Test" name="verifytwitterLogoTest" time="0.049"/>
  <testcase classname="test_cases.Inventory_Page_2_Test" name="verifywebPageFooterTest" time="0.048"/>
</testsuite> <!-- Test -->
