<?xml version="1.0" encoding="UTF-8"?>
<testng-results ignored="0" total="3" passed="3" failed="0" skipped="0">
  <reporter-output>
  </reporter-output>
  <suite started-at="2023-12-22T17:39:28 IST" name="Default suite" finished-at="2023-12-22T17:40:41 IST" duration-ms="73117">
    <groups>
      <group name="Sanity">
        <method signature="Login_Page_Test.verifyURLOfApplicationTest()[pri:1, instance:test_cases.Login_Page_Test@1787bc24]" name="verifyURLOfApplicationTest" class="test_cases.Login_Page_Test"/>
        <method signature="Login_Page_Test.verifyTitleOfApplicationTest()[pri:2, instance:test_cases.Login_Page_Test@1787bc24]" name="verifyTitleOfApplicationTest" class="test_cases.Login_Page_Test"/>
      </group> <!-- Sanity -->
      <group name="Retesting">
        <method signature="Login_Page_Test.verifyURLOfApplicationTest()[pri:1, instance:test_cases.Login_Page_Test@1787bc24]" name="verifyURLOfApplicationTest" class="test_cases.Login_Page_Test"/>
      </group> <!-- Retesting -->
      <group name="Regression">
        <method signature="Login_Page_Test.lognToApplicationTest()[pri:3, instance:test_cases.Login_Page_Test@1787bc24]" name="lognToApplicationTest" class="test_cases.Login_Page_Test"/>
      </group> <!-- Regression -->
    </groups>
    <test started-at="2023-12-22T17:39:28 IST" name="Default test" finished-at="2023-12-22T17:40:41 IST" duration-ms="73117">
      <class name="test_cases.Login_Page_Test">
        <test-method is-config="true" signature="setup()[pri:0, instance:test_cases.Login_Page_Test@1787bc24]" started-at="2023-12-22T17:39:28 IST" name="setup" finished-at="2023-12-22T17:40:24 IST" duration-ms="55320" status="PASS">
          <reporter-output>
          </reporter-output>
        </test-method> <!-- setup -->
        <test-method signature="verifyURLOfApplicationTest()[pri:1, instance:test_cases.Login_Page_Test@1787bc24]" started-at="2023-12-22T17:40:24 IST" name="verifyURLOfApplicationTest" finished-at="2023-12-22T17:40:27 IST" duration-ms="3020" status="PASS">
          <reporter-output>
          </reporter-output>
        </test-method> <!-- verifyURLOfApplicationTest -->
        <test-method is-config="true" signature="closeBrowser(org.testng.ITestResult)[pri:0, instance:test_cases.Login_Page_Test@1787bc24]" started-at="2023-12-22T17:40:27 IST" name="closeBrowser" finished-at="2023-12-22T17:40:27 IST" duration-ms="427" status="PASS">
          <params>
            <param index="0">
              <value>
                <![CDATA[[TestResult name=verifyURLOfApplicationTest status=SUCCESS method=Login_Page_Test.verifyURLOfApplicationTest()[pri:1, instance:test_cases.Login_Page_Test@1787bc24] output={null}]]]>
              </value>
            </param>
          </params>
          <reporter-output>
          </reporter-output>
        </test-method> <!-- closeBrowser -->
        <test-method is-config="true" signature="setup()[pri:0, instance:test_cases.Login_Page_Test@1787bc24]" started-at="2023-12-22T17:40:27 IST" name="setup" finished-at="2023-12-22T17:40:33 IST" duration-ms="6142" status="PASS">
          <reporter-output>
          </reporter-output>
        </test-method> <!-- setup -->
        <test-method signature="verifyTitleOfApplicationTest()[pri:2, instance:test_cases.Login_Page_Test@1787bc24]" started-at="2023-12-22T17:40:33 IST" name="verifyTitleOfApplicationTest" finished-at="2023-12-22T17:40:33 IST" duration-ms="53" status="PASS">
          <reporter-output>
          </reporter-output>
        </test-method> <!-- verifyTitleOfApplicationTest -->
        <test-method is-config="true" signature="closeBrowser(org.testng.ITestResult)[pri:0, instance:test_cases.Login_Page_Test@1787bc24]" started-at="2023-12-22T17:40:33 IST" name="closeBrowser" finished-at="2023-12-22T17:40:33 IST" duration-ms="119" status="PASS">
          <params>
            <param index="0">
              <value>
                <![CDATA[[TestResult name=verifyTitleOfApplicationTest status=SUCCESS method=Login_Page_Test.verifyTitleOfApplicationTest()[pri:2, instance:test_cases.Login_Page_Test@1787bc24] output={null}]]]>
              </value>
            </param>
          </params>
          <reporter-output>
          </reporter-output>
        </test-method> <!-- closeBrowser -->
        <test-method is-config="true" signature="setup()[pri:0, instance:test_cases.Login_Page_Test@1787bc24]" started-at="2023-12-22T17:40:33 IST" name="setup" finished-at="2023-12-22T17:40:39 IST" duration-ms="5899" status="PASS">
          <reporter-output>
          </reporter-output>
        </test-method> <!-- setup -->
        <test-method signature="lognToApplicationTest()[pri:3, instance:test_cases.Login_Page_Test@1787bc24]" started-at="2023-12-22T17:40:39 IST" name="lognToApplicationTest" finished-at="2023-12-22T17:40:40 IST" duration-ms="622" status="PASS">
          <reporter-output>
          </reporter-output>
        </test-method> <!-- lognToApplicationTest -->
        <test-method is-config="true" signature="closeBrowser(org.testng.ITestResult)[pri:0, instance:test_cases.Login_Page_Test@1787bc24]" started-at="2023-12-22T17:40:40 IST" name="closeBrowser" finished-at="2023-12-22T17:40:41 IST" duration-ms="1443" status="PASS">
          <params>
            <param index="0">
              <value>
                <![CDATA[[TestResult name=lognToApplicationTest status=SUCCESS method=Login_Page_Test.lognToApplicationTest()[pri:3, instance:test_cases.Login_Page_Test@1787bc24] output={null}]]]>
              </value>
            </param>
          </params>
          <reporter-output>
          </reporter-output>
        </test-method> <!-- closeBrowser -->
      </class> <!-- test_cases.Login_Page_Test -->
    </test> <!-- Default test -->
  </suite> <!-- Default suite -->
</testng-results>
