<?xml version="1.0" encoding="UTF-8"?>
<!-- Generated by org.testng.reporters.JUnitReportReporter -->
<testsuite hostname="DESKTOP-0BMU726" failures="0" tests="9" name="test_cases.Inventory_Page_2_Test" time="83.024" errors="0" timestamp="2023-12-21T21:36:17 IST" skipped="0">
  <testcase classname="test_cases.Inventory_Page_2_Test" name="verifyappLogoTest" time="8.590"/>
  <system-out>
    <![CDATA[Logo of inventory page = Swag Labs]]>
  </system-out>
  <testcase classname="test_cases.Inventory_Page_2_Test" name="productLableTest" time="7.313"/>
  <system-out>
    <![CDATA[Label of inventory page = Products]]>
  </system-out>
  <testcase classname="test_cases.Inventory_Page_2_Test" name="verifytwitterLogoTest" time="11.151"/>
  <system-out>
    <![CDATA[Visibility of Twitter Logo = true]]>
  </system-out>
  <testcase classname="test_cases.Inventory_Page_2_Test" name="verifyfacebookLogoTest" time="11.275"/>
  <system-out>
    <![CDATA[Visibility of Facebook Logo = true]]>
  </system-out>
  <testcase classname="test_cases.Inventory_Page_2_Test" name="verifylinkedinLogo" time="7.984"/>
  <system-out>
    <![CDATA[Visibility of Linkedin Logo = true]]>
  </system-out>
  <testcase classname="test_cases.Inventory_Page_2_Test" name="verifymenuButtonTest" time="10.145"/>
  <system-out>
    <![CDATA[Menu Button is Visible = true]]>
  </system-out>
  <testcase classname="test_cases.Inventory_Page_2_Test" name="verifyquantityLableTest" time="8.035"/>
  <system-out>
    <![CDATA[Quantity Label is Visible = QTY]]>
  </system-out>
  <testcase classname="test_cases.Inventory_Page_2_Test" name="verifydescriptionLableTest" time="8.455"/>
  <system-out>
    <![CDATA[Description Label is Visible = Description]]>
  </system-out>
  <testcase classname="test_cases.Inventory_Page_2_Test" name="verifywebPageFooterTest" time="10.076"/>
  <system-out>
    <![CDATA[Visibility of FOOTER = © 2023 Sauce Labs. All Rights Reserved. Terms of Service | Privacy Policy]]>
  </system-out>
</testsuite> <!-- test_cases.Inventory_Page_2_Test -->
